17:31:14.958 [main] ERROR monLogger -
				La connexion à la basse de données n'a  pas pu s'établir
java.sql.SQLSyntaxErrorException: Unknown column 'DESIGNAION' in 'field list'
	at com.mysql.cj.jdbc.exceptions.SQLError.createSQLException(SQLError.java:120)
	at com.mysql.cj.jdbc.exceptions.SQLError.createSQLException(SQLError.java:97)
	at com.mysql.cj.jdbc.exceptions.SQLExceptionsMapping.translateException(SQLExceptionsMapping.java:122)
	at com.mysql.cj.jdbc.StatementImpl.executeUpdateInternal(StatementImpl.java:1355)
	at com.mysql.cj.jdbc.StatementImpl.executeLargeUpdate(StatementImpl.java:2128)
	at com.mysql.cj.jdbc.StatementImpl.executeUpdate(StatementImpl.java:1264)
	at fr.diginamic.demo_jdbc.TestConnexionJdbc.main(TestConnexionJdbc.java:50)
17:35:27.384 [main] ERROR monLogger -
				La connexion à la basse de données n'a  pas pu s'établir
java.sql.SQLSyntaxErrorException: Unknown column 'FOURNSSEUR' in 'field list'
	at com.mysql.cj.jdbc.exceptions.SQLError.createSQLException(SQLError.java:120)
	at com.mysql.cj.jdbc.exceptions.SQLError.createSQLException(SQLError.java:97)
	at com.mysql.cj.jdbc.exceptions.SQLExceptionsMapping.translateException(SQLExceptionsMapping.java:122)
	at com.mysql.cj.jdbc.StatementImpl.executeUpdateInternal(StatementImpl.java:1355)
	at com.mysql.cj.jdbc.StatementImpl.executeLargeUpdate(StatementImpl.java:2128)
	at com.mysql.cj.jdbc.StatementImpl.executeUpdate(StatementImpl.java:1264)
	at fr.diginamic.demo_jdbc.TestConnexionJdbc.main(TestConnexionJdbc.java:59)
17:38:33.204 [main] ERROR monLogger -
				La connexion à la basse de données n'a  pas pu s'établir
java.sql.SQLIntegrityConstraintViolationException: Duplicate entry '1' for key 'PRIMARY'
	at com.mysql.cj.jdbc.exceptions.SQLError.createSQLException(SQLError.java:117)
	at com.mysql.cj.jdbc.exceptions.SQLError.createSQLException(SQLError.java:97)
	at com.mysql.cj.jdbc.exceptions.SQLExceptionsMapping.translateException(SQLExceptionsMapping.java:122)
	at com.mysql.cj.jdbc.StatementImpl.executeUpdateInternal(StatementImpl.java:1355)
	at com.mysql.cj.jdbc.StatementImpl.executeLargeUpdate(StatementImpl.java:2128)
	at com.mysql.cj.jdbc.StatementImpl.executeUpdate(StatementImpl.java:1264)
	at fr.diginamic.demo_jdbc.TestConnexionJdbc.main(TestConnexionJdbc.java:52)
